{"total": {"lines":{"total":161,"covered":161,"skipped":0,"pct":100},"statements":{"total":200,"covered":192,"skipped":0,"pct":96},"functions":{"total":48,"covered":47,"skipped":0,"pct":97.91},"branches":{"total":134,"covered":122,"skipped":0,"pct":91.04},"branchesTrue":{"total":0,"covered":0,"skipped":0,"pct":100}}
,"/Users/eve/Documents/calculator-fullstack/frontend/src/App.tsx": {"lines":{"total":3,"covered":3,"skipped":0,"pct":100},"functions":{"total":1,"covered":1,"skipped":0,"pct":100},"statements":{"total":3,"covered":3,"skipped":0,"pct":100},"branches":{"total":0,"covered":0,"skipped":0,"pct":100}}
,"/Users/eve/Documents/calculator-fullstack/frontend/src/api/client.ts": {"lines":{"total":25,"covered":25,"skipped":0,"pct":100},"functions":{"total":6,"covered":6,"skipped":0,"pct":100},"statements":{"total":33,"covered":29,"skipped":0,"pct":87.87},"branches":{"total":35,"covered":31,"skipped":0,"pct":88.57}}
,"/Users/eve/Documents/calculator-fullstack/frontend/src/api/types.ts": {"lines":{"total":1,"covered":1,"skipped":0,"pct":100},"functions":{"total":0,"covered":0,"skipped":0,"pct":100},"statements":{"total":1,"covered":1,"skipped":0,"pct":100},"branches":{"total":0,"covered":0,"skipped":0,"pct":100}}
,"/Users/eve/Documents/calculator-fullstack/frontend/src/components/Display.tsx": {"lines":{"total":2,"covered":2,"skipped":0,"pct":100},"functions":{"total":1,"covered":1,"skipped":0,"pct":100},"statements":{"total":2,"covered":2,"skipped":0,"pct":100},"branches":{"total":10,"covered":10,"skipped":0,"pct":100}}
,"/Users/eve/Documents/calculator-fullstack/frontend/src/components/HistoryPanel.tsx": {"lines":{"total":3,"covered":3,"skipped":0,"pct":100},"functions":{"total":3,"covered":3,"skipped":0,"pct":100},"statements":{"total":3,"covered":3,"skipped":0,"pct":100},"branches":{"total":4,"covered":4,"skipped":0,"pct":100}}
,"/Users/eve/Documents/calculator-fullstack/frontend/src/components/KeyboardPanel.tsx": {"lines":{"total":3,"covered":3,"skipped":0,"pct":100},"functions":{"total":2,"covered":2,"skipped":0,"pct":100},"statements":{"total":3,"covered":3,"skipped":0,"pct":100},"branches":{"total":0,"covered":0,"skipped":0,"pct":100}}
,"/Users/eve/Documents/calculator-fullstack/frontend/src/components/Keypad.tsx": {"lines":{"total":4,"covered":4,"skipped":0,"pct":100},"functions":{"total":3,"covered":3,"skipped":0,"pct":100},"statements":{"total":4,"covered":4,"skipped":0,"pct":100},"branches":{"total":4,"covered":4,"skipped":0,"pct":100}}
,"/Users/eve/Documents/calculator-fullstack/frontend/src/domain/entry.ts": {"lines":{"total":17,"covered":17,"skipped":0,"pct":100},"functions":{"total":6,"covered":6,"skipped":0,"pct":100},"statements":{"total":25,"covered":25,"skipped":0,"pct":100},"branches":{"total":31,"covered":30,"skipped":0,"pct":96.77}}
,"/Users/eve/Documents/calculator-fullstack/frontend/src/domain/keys.ts": {"lines":{"total":6,"covered":6,"skipped":0,"pct":100},"functions":{"total":1,"covered":1,"skipped":0,"pct":100},"statements":{"total":7,"covered":7,"skipped":0,"pct":100},"branches":{"total":0,"covered":0,"skipped":0,"pct":100}}
,"/Users/eve/Documents/calculator-fullstack/frontend/src/hooks/useCalculator.ts": {"lines":{"total":85,"covered":85,"skipped":0,"pct":100},"functions":{"total":21,"covered":20,"skipped":0,"pct":95.23},"statements":{"total":103,"covered":99,"skipped":0,"pct":96.11},"branches":{"total":37,"covered":30,"skipped":0,"pct":81.08}}
,"/Users/eve/Documents/calculator-fullstack/frontend/src/hooks/useKeyboard.ts": {"lines":{"total":12,"covered":12,"skipped":0,"pct":100},"functions":{"total":4,"covered":4,"skipped":0,"pct":100},"statements":{"total":16,"covered":16,"skipped":0,"pct":100},"branches":{"total":13,"covered":13,"skipped":0,"pct":100}}
}
